<?xml version="1.0" encoding="UTF-8"?>
<testng-results skipped="0" failed="0" ignored="0" total="1" passed="1">
  <reporter-output>
  </reporter-output>
  <suite name="GigaFactory Suite" duration-ms="51686" started-at="2020-10-30T00:08:52 CET" finished-at="2020-10-30T00:09:44 CET">
    <groups>
    </groups>
    <test name="GigaFactory Tests" duration-ms="51686" started-at="2020-10-30T00:08:52 CET" finished-at="2020-10-30T00:09:44 CET">
      <class name="com.gigaberlin.tests.GigaBerlinTests">
        <test-method status="PASS" signature="beforeSuite()[pri:0, instance:com.gigaberlin.tests.GigaBerlinTests@202b0582]" name="beforeSuite" is-config="true" duration-ms="22" started-at="2020-10-30T00:08:52 CET" finished-at="2020-10-30T00:08:52 CET">
          <reporter-output>
          </reporter-output>
        </test-method> <!-- beforeSuite -->
        <test-method status="PASS" signature="setUp()[pri:0, instance:com.gigaberlin.tests.GigaBerlinTests@202b0582]" name="setUp" is-config="true" duration-ms="12843" started-at="2020-10-30T00:08:52 CET" finished-at="2020-10-30T00:09:05 CET">
          <reporter-output>
          </reporter-output>
        </test-method> <!-- setUp -->
        <test-method status="PASS" signature="gigaBerlinLocationTest(java.lang.reflect.Method)[pri:0, instance:com.gigaberlin.tests.GigaBerlinTests@202b0582]" name="gigaBerlinLocationTest" duration-ms="30286" started-at="2020-10-30T00:09:05 CET" finished-at="2020-10-30T00:09:35 CET">
          <params>
            <param index="0">
              <value>
                <![CDATA[public void com.gigaberlin.tests.GigaBerlinTests.gigaBerlinLocationTest(java.lang.reflect.Method) throws java.lang.Exception]]>
              </value>
            </param>
          </params>
          <reporter-output>
          </reporter-output>
        </test-method> <!-- gigaBerlinLocationTest -->
        <test-method status="PASS" signature="tearDown()[pri:0, instance:com.gigaberlin.tests.GigaBerlinTests@202b0582]" name="tearDown" is-config="true" duration-ms="8498" started-at="2020-10-30T00:09:35 CET" finished-at="2020-10-30T00:09:44 CET">
          <reporter-output>
          </reporter-output>
        </test-method> <!-- tearDown -->
      </class> <!-- com.gigaberlin.tests.GigaBerlinTests -->
    </test> <!-- GigaFactory Tests -->
  </suite> <!-- GigaFactory Suite -->
</testng-results>
